#
# There is insufficient memory for the Java Runtime Environment to continue.
# Native memory allocation (malloc) failed to allocate 577616 bytes for Chunk::new
# Possible reasons:
#   The system is out of physical RAM or swap space
#   In 32 bit mode, the process size limit was hit
# Possible solutions:
#   Reduce memory load on the system
#   Increase physical memory or swap space
#   Check if swap backing store is full
#   Use 64 bit Java on a 64 bit OS
#   Decrease Java heap size (-Xmx/-Xms)
#   Decrease number of Java threads
#   Decrease Java thread stack sizes (-Xss)
#   Set larger code cache with -XX:ReservedCodeCacheSize=
# This output file may be truncated or incomplete.
#
#  Out of Memory Error (allocation.cpp:388), pid=12096, tid=6680
#
# JRE version: Java(TM) SE Runtime Environment (8.0-b132) (build 1.8.0-b132)
# Java VM: Java HotSpot(TM) 64-Bit Server VM (25.0-b70 mixed mode windows-amd64 compressed oops)
# Failed to write core dump. Minidumps are not enabled by default on client versions of Windows
#

---------------  T H R E A D  ---------------

Current thread (0x0000000014d43000):  JavaThread "C2 CompilerThread1" daemon [_thread_in_native, id=6680, stack(0x0000000016360000,0x0000000016460000)]

Stack: [0x0000000016360000,0x0000000016460000]
[error occurred during error reporting (printing stack bounds), id 0xc0000005]

Native frames: (J=compiled Java code, j=interpreted, Vv=VM code, C=native code)
V  [jvm.dll+0x308e0a]
V  [jvm.dll+0x25df11]
V  [jvm.dll+0x25eb2f]
V  [jvm.dll+0x277156]
V  [jvm.dll+0x27acc3]
V  [jvm.dll+0x59665f]
C  [msvcr100.dll+0x712e3]
V  [jvm.dll+0x595d7d]
C  [ntdll.dll+0xa658d]
C  [ntdll.dll+0x6a64]
C  [ntdll.dll+0xa567a]
V  [jvm.dll+0x1fddb1]


Current CompileTask:
C2:   8760 1882       4       com.android.dx.ssa.ConstCollector::getConstsSortedByCountUse (386 bytes)


---------------  P R O C E S S  ---------------

Java Threads: ( => current thread )
  0x00000000169d5800 JavaThread "pool-2-thread-4" [_thread_blocked, id=4276, stack(0x0000000017760000,0x0000000017860000)]
  0x00000000169d2800 JavaThread "pool-2-thread-3" [_thread_blocked, id=3904, stack(0x0000000017660000,0x0000000017760000)]
  0x00000000169d2000 JavaThread "pool-2-thread-2" [_thread_blocked, id=5876, stack(0x0000000017560000,0x0000000017660000)]
  0x00000000169ce800 JavaThread "pool-3-thread-1" [_thread_blocked, id=7368, stack(0x0000000017460000,0x0000000017560000)]
  0x00000000169ce000 JavaThread "pool-2-thread-1" [_thread_blocked, id=6676, stack(0x0000000017360000,0x0000000017460000)]
  0x0000000014d4a800 JavaThread "Service Thread" daemon [_thread_blocked, id=4056, stack(0x0000000016560000,0x0000000016660000)]
  0x0000000014d44000 JavaThread "C1 CompilerThread2" daemon [_thread_blocked, id=11348, stack(0x0000000016460000,0x0000000016560000)]
=>0x0000000014d43000 JavaThread "C2 CompilerThread1" daemon [_thread_in_native, id=6680, stack(0x0000000016360000,0x0000000016460000)]
  0x0000000014ced800 JavaThread "C2 CompilerThread0" daemon [_thread_in_native, id=8484, stack(0x0000000016260000,0x0000000016360000)]
  0x0000000014ceb000 JavaThread "Attach Listener" daemon [_thread_blocked, id=11980, stack(0x0000000016160000,0x0000000016260000)]
  0x0000000014cea800 JavaThread "Signal Dispatcher" daemon [_thread_blocked, id=10216, stack(0x0000000016060000,0x0000000016160000)]
  0x000000000254e800 JavaThread "Finalizer" daemon [_thread_blocked, id=9352, stack(0x0000000015f60000,0x0000000016060000)]
  0x000000000254b800 JavaThread "Reference Handler" daemon [_thread_blocked, id=10084, stack(0x0000000015e60000,0x0000000015f60000)]
  0x0000000000b8d800 JavaThread "main" [_thread_in_Java, id=2376, stack(0x00000000022d0000,0x00000000023d0000)]

Other Threads:
  0x0000000014cb6800 VMThread [stack: 0x0000000015d60000,0x0000000015e60000] [id=8232]
  0x0000000014d4d800 WatcherThread [stack: 0x0000000016660000,0x0000000016760000] [id=3472]

VM state:not at safepoint (normal execution)

VM Mutex/Monitor currently owned by a thread: None

Heap:
 PSYoungGen      total 55296K, used 33592K [0x00000000eab00000, 0x00000000ee900000, 0x0000000100000000)
  eden space 48640K, 59% used [0x00000000eab00000,0x00000000ec707450,0x00000000eda80000)
  from space 6656K, 73% used [0x00000000ee180000,0x00000000ee646d68,0x00000000ee800000)
  to   space 7168K, 0% used [0x00000000eda80000,0x00000000eda80000,0x00000000ee180000)
 ParOldGen       total 129536K, used 19457K [0x00000000c0000000, 0x00000000c7e80000, 0x00000000eab00000)
  object space 129536K, 15% used [0x00000000c0000000,0x00000000c1300568,0x00000000c7e80000)
 Metaspace       used 6065K, capacity 7000K, committed 7168K, reserved 1056768K
  class space    used 613K, capacity 656K, committed 768K, reserved 1048576K

Card table byte_map: [0x00000000119e0000,0x0000000011bf0000] byte_map_base: 0x00000000113e0000

Marking Bits: (ParMarkBitMap*) 0x0000000064e113b0
 Begin Bits: [0x0000000012150000, 0x0000000013150000)
 End Bits:   [0x0000000013150000, 0x0000000014150000)

Polling page: 0x00000000023d0000

CodeCache: size=245760Kb used=8451Kb max_used=8464Kb free=237308Kb
 bounds [0x0000000002620000, 0x0000000002e70000, 0x0000000011620000]
 total_blobs=2133 nmethods=1868 adapters=178
 compilation: enabled

Compilation events (10 events):
Event: 8.604 Thread 0x0000000014d44000 1925       2       java.util.concurrent.FutureTask::set (36 bytes)
Event: 8.604 Thread 0x0000000014d44000 nmethod 1925 0x0000000002e43150 code [0x0000000002e432c0, 0x0000000002e434a8]
Event: 8.604 Thread 0x0000000014d44000 1926       1       java.util.concurrent.locks.AbstractOwnableSynchronizer::setExclusiveOwnerThread (6 bytes)
Event: 8.604 Thread 0x0000000014d44000 nmethod 1926 0x0000000002e42e90 code [0x0000000002e42fe0, 0x0000000002e43110]
Event: 8.616 Thread 0x0000000014ced800 nmethod 1894 0x0000000002e68010 code [0x0000000002e68280, 0x0000000002e69e28]
Event: 8.617 Thread 0x0000000014ced800 1888       4       com.android.dx.cf.code.LocalVariableList::pcAndIndexToLocal (51 bytes)
Event: 8.621 Thread 0x0000000014ced800 nmethod 1888 0x0000000002e41490 code [0x0000000002e415e0, 0x0000000002e41818]
Event: 8.621 Thread 0x0000000014ced800 1884       4       com.android.dx.ssa.SsaBasicBlock::getRopLabelSuccessorList (57 bytes)
Event: 8.637 Thread 0x0000000014ced800 nmethod 1884 0x0000000002e47910 code [0x0000000002e47aa0, 0x0000000002e48258]
Event: 8.637 Thread 0x0000000014ced800 1922 %     4       com.android.dx.ssa.SsaConverter::placePhiFunctions @ 229 (394 bytes)

GC Heap History (10 events):
Event: 4.987 GC heap before
{Heap before GC invocations=12 (full 0):
 PSYoungGen      total 14848K, used 13997K [0x00000000eab00000, 0x00000000ec380000, 0x0000000100000000)
  eden space 11776K, 100% used [0x00000000eab00000,0x00000000eb680000,0x00000000eb680000)
  from space 3072K, 72% used [0x00000000eb680000,0x00000000eb8ab510,0x00000000eb980000)
  to   space 3072K, 0% used [0x00000000ec080000,0x00000000ec080000,0x00000000ec380000)
 ParOldGen       total 129536K, used 4950K [0x00000000c0000000, 0x00000000c7e80000, 0x00000000eab00000)
  object space 129536K, 3% used [0x00000000c0000000,0x00000000c04d58e0,0x00000000c7e80000)
 Metaspace       used 5907K, capacity 6960K, committed 7040K, reserved 1056768K
  class space    used 592K, capacity 616K, committed 640K, reserved 1048576K
Event: 5.008 GC heap after
Heap after GC invocations=12 (full 0):
 PSYoungGen      total 22016K, used 2080K [0x00000000eab00000, 0x00000000ec380000, 0x0000000100000000)
  eden space 18944K, 0% used [0x00000000eab00000,0x00000000eab00000,0x00000000ebd80000)
  from space 3072K, 67% used [0x00000000ec080000,0x00000000ec288010,0x00000000ec380000)
  to   space 3072K, 0% used [0x00000000ebd80000,0x00000000ebd80000,0x00000000ec080000)
 ParOldGen       total 129536K, used 6913K [0x00000000c0000000, 0x00000000c7e80000, 0x00000000eab00000)
  object space 129536K, 5% used [0x00000000c0000000,0x00000000c06c0520,0x00000000c7e80000)
 Metaspace       used 5907K, capacity 6960K, committed 7040K, reserved 1056768K
  class space    used 592K, capacity 616K, committed 640K, reserved 1048576K
}
Event: 5.397 GC heap before
{Heap before GC invocations=13 (full 0):
 PSYoungGen      total 22016K, used 21024K [0x00000000eab00000, 0x00000000ec380000, 0x0000000100000000)
  eden space 18944K, 100% used [0x00000000eab00000,0x00000000ebd80000,0x00000000ebd80000)
  from space 3072K, 67% used [0x00000000ec080000,0x00000000ec288010,0x00000000ec380000)
  to   space 3072K, 0% used [0x00000000ebd80000,0x00000000ebd80000,0x00000000ec080000)
 ParOldGen       total 129536K, used 6913K [0x00000000c0000000, 0x00000000c7e80000, 0x00000000eab00000)
  object space 129536K, 5% used [0x00000000c0000000,0x00000000c06c0520,0x00000000c7e80000)
 Metaspace       used 5918K, capacity 6960K, committed 7040K, reserved 1056768K
  class space    used 592K, capacity 616K, committed 640K, reserved 1048576K
Event: 5.443 GC heap after
Heap after GC invocations=13 (full 0):
 PSYoungGen      total 22016K, used 3056K [0x00000000eab00000, 0x00000000ed200000, 0x0000000100000000)
  eden space 18944K, 0% used [0x00000000eab00000,0x00000000eab00000,0x00000000ebd80000)
  from space 3072K, 99% used [0x00000000ebd80000,0x00000000ec07c1d8,0x00000000ec080000)
  to   space 4608K, 0% used [0x00000000ecd80000,0x00000000ecd80000,0x00000000ed200000)
 ParOldGen       total 129536K, used 8994K [0x00000000c0000000, 0x00000000c7e80000, 0x00000000eab00000)
  object space 129536K, 6% used [0x00000000c0000000,0x00000000c08c8878,0x00000000c7e80000)
 Metaspace       used 5918K, capacity 6960K, committed 7040K, reserved 1056768K
  class space    used 592K, capacity 616K, committed 640K, reserved 1048576K
}
Event: 5.752 GC heap before
{Heap before GC invocations=14 (full 0):
 PSYoungGen      total 22016K, used 22000K [0x00000000eab00000, 0x00000000ed200000, 0x0000000100000000)
  eden space 18944K, 100% used [0x00000000eab00000,0x00000000ebd80000,0x00000000ebd80000)
  from space 3072K, 99% used [0x00000000ebd80000,0x00000000ec07c1d8,0x00000000ec080000)
  to   space 4608K, 0% used [0x00000000ecd80000,0x00000000ecd80000,0x00000000ed200000)
 ParOldGen       total 129536K, used 8994K [0x00000000c0000000, 0x00000000c7e80000, 0x00000000eab00000)
  object space 129536K, 6% used [0x00000000c0000000,0x00000000c08c8878,0x00000000c7e80000)
 Metaspace       used 5938K, capacity 6960K, committed 7040K, reserved 1056768K
  class space    used 592K, capacity 616K, committed 640K, reserved 1048576K
Event: 5.806 GC heap after
Heap after GC invocations=14 (full 0):
 PSYoungGen      total 35328K, used 2720K [0x00000000eab00000, 0x00000000ed200000, 0x0000000100000000)
  eden space 30720K, 0% used [0x00000000eab00000,0x00000000eab00000,0x00000000ec900000)
  from space 4608K, 59% used [0x00000000ecd80000,0x00000000ed028000,0x00000000ed200000)
  to   space 4608K, 0% used [0x00000000ec900000,0x00000000ec900000,0x00000000ecd80000)
 ParOldGen       total 129536K, used 11788K [0x00000000c0000000, 0x00000000c7e80000, 0x00000000eab00000)
  object space 129536K, 9% used [0x00000000c0000000,0x00000000c0b832a8,0x00000000c7e80000)
 Metaspace       used 5938K, capacity 6960K, committed 7040K, reserved 1056768K
  class space    used 592K, capacity 616K, committed 640K, reserved 1048576K
}
Event: 6.436 GC heap before
{Heap before GC invocations=15 (full 0):
 PSYoungGen      total 35328K, used 33440K [0x00000000eab00000, 0x00000000ed200000, 0x0000000100000000)
  eden space 30720K, 100% used [0x00000000eab00000,0x00000000ec900000,0x00000000ec900000)
  from space 4608K, 59% used [0x00000000ecd80000,0x00000000ed028000,0x00000000ed200000)
  to   space 4608K, 0% used [0x00000000ec900000,0x00000000ec900000,0x00000000ecd80000)
 ParOldGen       total 129536K, used 11788K [0x00000000c0000000, 0x00000000c7e80000, 0x00000000eab00000)
  object space 129536K, 9% used [0x00000000c0000000,0x00000000c0b832a8,0x00000000c7e80000)
 Metaspace       used 5963K, capacity 6960K, committed 7040K, reserved 1056768K
  class space    used 593K, capacity 616K, committed 640K, reserved 1048576K
Event: 6.564 GC heap after
Heap after GC invocations=15 (full 0):
 PSYoungGen      total 35328K, used 4588K [0x00000000eab00000, 0x00000000ee800000, 0x0000000100000000)
  eden space 30720K, 0% used [0x00000000eab00000,0x00000000eab00000,0x00000000ec900000)
  from space 4608K, 99% used [0x00000000ec900000,0x00000000ecd7b0e0,0x00000000ecd80000)
  to   space 6656K, 0% used [0x00000000ee180000,0x00000000ee180000,0x00000000ee800000)
 ParOldGen       total 129536K, used 15042K [0x00000000c0000000, 0x00000000c7e80000, 0x00000000eab00000)
  object space 129536K, 11% used [0x00000000c0000000,0x00000000c0eb0ab0,0x00000000c7e80000)
 Metaspace       used 5963K, capacity 6960K, committed 7040K, reserved 1056768K
  class space    used 593K, capacity 616K, committed 640K, reserved 1048576K
}
Event: 7.190 GC heap before
{Heap before GC invocations=16 (full 0):
 PSYoungGen      total 35328K, used 35308K [0x00000000eab00000, 0x00000000ee800000, 0x0000000100000000)
  eden space 30720K, 100% used [0x00000000eab00000,0x00000000ec900000,0x00000000ec900000)
  from space 4608K, 99% used [0x00000000ec900000,0x00000000ecd7b0e0,0x00000000ecd80000)
  to   space 6656K, 0% used [0x00000000ee180000,0x00000000ee180000,0x00000000ee800000)
 ParOldGen       total 129536K, used 15042K [0x00000000c0000000, 0x00000000c7e80000, 0x00000000eab00000)
  object space 129536K, 11% used [0x00000000c0000000,0x00000000c0eb0ab0,0x00000000c7e80000)
 Metaspace       used 5970K, capacity 6960K, committed 7040K, reserved 1056768K
  class space    used 593K, capacity 616K, committed 640K, reserved 1048576K
Event: 7.392 GC heap after
Heap after GC invocations=16 (full 0):
 PSYoungGen      total 55296K, used 4891K [0x00000000eab00000, 0x00000000ee900000, 0x0000000100000000)
  eden space 48640K, 0% used [0x00000000eab00000,0x00000000eab00000,0x00000000eda80000)
  from space 6656K, 73% used [0x00000000ee180000,0x00000000ee646d68,0x00000000ee800000)
  to   space 7168K, 0% used [0x00000000eda80000,0x00000000eda80000,0x00000000ee180000)
 ParOldGen       total 129536K, used 19457K [0x00000000c0000000, 0x00000000c7e80000, 0x00000000eab00000)
  object space 129536K, 15% used [0x00000000c0000000,0x00000000c1300568,0x00000000c7e80000)
 Metaspace       used 5970K, capacity 6960K, committed 7040K, reserved 1056768K
  class space    used 593K, capacity 616K, committed 640K, reserved 1048576K
}

Deoptimization events (10 events):
Event: 8.039 Thread 0x00000000169d2800 Uncommon trap: reason=bimorphic action=maybe_recompile pc=0x0000000002a5b2f0 method=java.util.HashMap.putVal(ILjava/lang/Object;Ljava/lang/Object;ZZ)Ljava/lang/Object; @ 203
Event: 8.039 Thread 0x00000000169d2800 Uncommon trap: reason=bimorphic action=maybe_recompile pc=0x0000000002a5b2f0 method=java.util.HashMap.putVal(ILjava/lang/Object;Ljava/lang/Object;ZZ)Ljava/lang/Object; @ 203
Event: 8.355 Thread 0x0000000000b8d800 Uncommon trap: reason=bimorphic action=maybe_recompile pc=0x0000000002c554d4 method=com.android.dx.ssa.SCCP.simulatePhi(Lcom/android/dx/ssa/PhiInsn;)V @ 124
Event: 8.359 Thread 0x0000000000b8d800 Uncommon trap: reason=bimorphic action=maybe_recompile pc=0x0000000002deb73c method=com.android.dx.rop.code.RegisterSpec.withSimpleType()Lcom/android/dx/rop/code/RegisterSpec; @ 21
Event: 8.359 Thread 0x0000000000b8d800 Uncommon trap: reason=bimorphic action=maybe_recompile pc=0x0000000002c554d4 method=com.android.dx.ssa.SCCP.simulatePhi(Lcom/android/dx/ssa/PhiInsn;)V @ 124
Event: 8.407 Thread 0x00000000169ce000 Uncommon trap: reason=bimorphic action=maybe_recompile pc=0x0000000002deb73c method=com.android.dx.rop.code.RegisterSpec.withSimpleType()Lcom/android/dx/rop/code/RegisterSpec; @ 21
Event: 8.410 Thread 0x00000000169ce000 Uncommon trap: reason=bimorphic action=maybe_recompile pc=0x0000000002d9470c method=com.android.dx.ssa.LiteralOpUpgrader.tryReplacingWithConstant(Lcom/android/dx/ssa/NormalSsaInsn;)Z @ 62
Event: 8.516 Thread 0x00000000169d2800 Uncommon trap: reason=unreached action=reinterpret pc=0x000000000298daa8 method=java.util.HashMap.getNode(ILjava/lang/Object;)Ljava/util/HashMap$Node; @ 84
Event: 8.518 Thread 0x00000000169d2800 Uncommon trap: reason=unreached action=reinterpret pc=0x000000000286a6f0 method=java.util.HashMap.getNode(ILjava/lang/Object;)Ljava/util/HashMap$Node; @ 84
Event: 8.519 Thread 0x00000000169d2800 Uncommon trap: reason=unreached action=reinterpret pc=0x0000000002a5b298 method=java.util.HashMap.putVal(ILjava/lang/Object;Ljava/lang/Object;ZZ)Ljava/lang/Object; @ 109

Internal exceptions (10 events):
Event: 3.059 Thread 0x00000000169d5800 Exception <a 'java/security/PrivilegedActionException'> (0x00000000eb08c648) thrown at [D:\re\workspace\8-2-build-windows-amd64-cygwin\jdk8\2238\hotspot\src\share\vm\prims\jvm.cpp, line 1248]
Event: 3.079 Thread 0x00000000169ce000 Implicit null exception at 0x0000000002939762 to 0x0000000002939855
Event: 3.209 Thread 0x00000000169d2000 Implicit null exception at 0x00000000028c7fb7 to 0x00000000028ca489
Event: 3.450 Thread 0x00000000169d2800 Exception <a 'java/security/PrivilegedActionException'> (0x00000000eae29c80) thrown at [D:\re\workspace\8-2-build-windows-amd64-cygwin\jdk8\2238\hotspot\src\share\vm\prims\jvm.cpp, line 1248]
Event: 4.785 Thread 0x0000000000b8d800 Exception <a 'java/security/PrivilegedActionException'> (0x00000000eb1ab5b8) thrown at [D:\re\workspace\8-2-build-windows-amd64-cygwin\jdk8\2238\hotspot\src\share\vm\prims\jvm.cpp, line 1248]
Event: 6.011 Thread 0x00000000169d2000 Exception <a 'java/security/PrivilegedActionException'> (0x00000000eb7662a0) thrown at [D:\re\workspace\8-2-build-windows-amd64-cygwin\jdk8\2238\hotspot\src\share\vm\prims\jvm.cpp, line 1248]
Event: 6.426 Thread 0x00000000169d2800 Exception <a 'java/security/PrivilegedActionException'> (0x00000000ec86dc68) thrown at [D:\re\workspace\8-2-build-windows-amd64-cygwin\jdk8\2238\hotspot\src\share\vm\prims\jvm.cpp, line 1248]
Event: 8.348 Thread 0x00000000169d2800 Exception <a 'java/lang/ArrayIndexOutOfBoundsException': 18> (0x00000000eb0ad738) thrown at [D:\re\workspace\8-2-build-windows-amd64-cygwin\jdk8\2238\hotspot\src\share\vm\interpreter\interpreterRuntime.cpp, line 337]
Event: 8.349 Thread 0x00000000169d2800 Exception <a 'java/lang/ArrayIndexOutOfBoundsException'> (0x00000000eb0af1d0) thrown at [D:\re\workspace\8-2-build-windows-amd64-cygwin\jdk8\2238\hotspot\src\share\vm\runtime\sharedRuntime.cpp, line 595]
Event: 8.350 Thread 0x00000000169d2800 Exception <a 'java/lang/ArrayIndexOutOfBoundsException'> (0x00000000eb0b03e8) thrown at [D:\re\workspace\8-2-build-windows-amd64-cygwin\jdk8\2238\hotspot\src\share\vm\runtime\sharedRuntime.cpp, line 595]

Events (10 events):
Event: 8.518 Thread 0x00000000169d2800 Uncommon trap: trap_request=0xffffffad fr.pc=0x000000000286a6f0
Event: 8.518 Thread 0x00000000169d2800 DEOPT PACKING pc=0x000000000286a6f0 sp=0x000000001775eb90
Event: 8.518 Thread 0x00000000169d2800 DEOPT UNPACKING pc=0x00000000026655af sp=0x000000001775eb08 mode 2
Event: 8.519 Thread 0x00000000169d2800 Uncommon trap: trap_request=0xffffffad fr.pc=0x0000000002a5b298
Event: 8.519 Thread 0x00000000169d2800 DEOPT PACKING pc=0x0000000002a5b298 sp=0x000000001775eb60
Event: 8.519 Thread 0x00000000169d2800 DEOPT UNPACKING pc=0x00000000026655af sp=0x000000001775eae0 mode 2
Event: 8.544 Thread 0x00000000169d2800 DEOPT PACKING pc=0x0000000002a019d7 sp=0x000000001775ec70
Event: 8.544 Thread 0x00000000169d2800 DEOPT UNPACKING pc=0x0000000002667604 sp=0x000000001775ea50 mode 0
Event: 8.596 Thread 0x00000000169d5800 DEOPT PACKING pc=0x0000000002aa39d7 sp=0x000000001785eb20
Event: 8.596 Thread 0x00000000169d5800 DEOPT UNPACKING pc=0x0000000002667604 sp=0x000000001785e908 mode 0


Dynamic libraries:
0x00007ff6d11e0000 - 0x00007ff6d1214000 	C:\Program Files\Java\jdk1.8.0\bin\java.exe
0x00007ffcb8850000 - 0x00007ffcb8a1f000 	C:\WINDOWS\SYSTEM32\ntdll.dll
0x00007ffcb66c0000 - 0x00007ffcb676b000 	C:\WINDOWS\System32\KERNEL32.DLL
0x00007ffcb4e50000 - 0x00007ffcb506a000 	C:\WINDOWS\System32\KERNELBASE.dll
0x00007ffcb83d0000 - 0x00007ffcb8470000 	C:\WINDOWS\System32\ADVAPI32.dll
0x00007ffcb6620000 - 0x00007ffcb66be000 	C:\WINDOWS\System32\msvcrt.dll
0x00007ffcb5e50000 - 0x00007ffcb5ea8000 	C:\WINDOWS\System32\sechost.dll
0x00007ffcb5fb0000 - 0x00007ffcb60cd000 	C:\WINDOWS\System32\RPCRT4.dll
0x00007ffcb67f0000 - 0x00007ffcb6956000 	C:\WINDOWS\System32\USER32.dll
0x00007ffcb5ba0000 - 0x00007ffcb5bbe000 	C:\WINDOWS\System32\win32u.dll
0x00007ffcb67a0000 - 0x00007ffcb67d1000 	C:\WINDOWS\System32\GDI32.dll
0x00007ffcb5cc0000 - 0x00007ffcb5e46000 	C:\WINDOWS\System32\gdi32full.dll
0x00007ffca8040000 - 0x00007ffca82ac000 	C:\WINDOWS\WinSxS\amd64_microsoft.windows.common-controls_6595b64144ccf1df_6.0.14361.0_none_2d0d50d4bdb33e17\COMCTL32.dll
0x00007ffcb6370000 - 0x00007ffcb661b000 	C:\WINDOWS\System32\combase.dll
0x00007ffcb53c0000 - 0x00007ffcb54b4000 	C:\WINDOWS\System32\ucrtbase.dll
0x00007ffcb52a0000 - 0x00007ffcb5309000 	C:\WINDOWS\System32\bcryptPrimitives.dll
0x00007ffcb6770000 - 0x00007ffcb679e000 	C:\WINDOWS\System32\IMM32.DLL
0x00007ffca02f0000 - 0x00007ffca0397000 	C:\Program Files\McAfee\Gkp\HcApi.dll
0x0000000067630000 - 0x000000006763c000 	C:\Program Files\McAfee\Gkp\HcThe.dll
0x0000000064e90000 - 0x0000000064f62000 	C:\Program Files\Java\jdk1.8.0\jre\bin\msvcr100.dll
0x0000000064660000 - 0x0000000064e8a000 	C:\Program Files\Java\jdk1.8.0\jre\bin\server\jvm.dll
0x00007ffcb67e0000 - 0x00007ffcb67e7000 	C:\WINDOWS\System32\PSAPI.DLL
0x00007ffcb0540000 - 0x00007ffcb0549000 	C:\WINDOWS\SYSTEM32\WSOCK32.dll
0x00007ffcb8290000 - 0x00007ffcb82fc000 	C:\WINDOWS\System32\WS2_32.dll
0x00007ffcb33a0000 - 0x00007ffcb33c3000 	C:\WINDOWS\SYSTEM32\WINMM.dll
0x00007ffcb3320000 - 0x00007ffcb334c000 	C:\WINDOWS\SYSTEM32\WINMMBASE.dll
0x00007ffcb5c70000 - 0x00007ffcb5cb2000 	C:\WINDOWS\System32\cfgmgr32.dll
0x0000000064650000 - 0x000000006465f000 	C:\Program Files\Java\jdk1.8.0\jre\bin\verify.dll
0x0000000064620000 - 0x0000000064648000 	C:\Program Files\Java\jdk1.8.0\jre\bin\java.dll
0x0000000064600000 - 0x0000000064616000 	C:\Program Files\Java\jdk1.8.0\jre\bin\zip.dll
0x00007ffcb6d90000 - 0x00007ffcb826d000 	C:\WINDOWS\System32\SHELL32.dll
0x00007ffcb54c0000 - 0x00007ffcb5b92000 	C:\WINDOWS\System32\windows.storage.dll
0x00007ffcb4e00000 - 0x00007ffcb4e4c000 	C:\WINDOWS\System32\powrprof.dll
0x00007ffcb85e0000 - 0x00007ffcb8633000 	C:\WINDOWS\System32\shlwapi.dll
0x00007ffcb4df0000 - 0x00007ffcb4dff000 	C:\WINDOWS\System32\kernel.appcore.dll
0x00007ffcb5310000 - 0x00007ffcb53b7000 	C:\WINDOWS\System32\shcore.dll
0x00007ffcb4dd0000 - 0x00007ffcb4de4000 	C:\WINDOWS\System32\profapi.dll
0x00007ffca1f90000 - 0x00007ffca2122000 	C:\WINDOWS\SYSTEM32\dbghelp.dll

VM Arguments:
jvm_args: -Djava.awt.headless=true -Xmx1024M -Dfile.encoding=windows-1252 -Duser.country=BR -Duser.language=pt -Duser.variant 
java_command: com.android.dx.command.Main --dex --force-jumbo --num-threads=4 --multi-dex --output F:\BoaViagem\app\build\intermediates\transforms\dex\debug\folders\1000\10\com.android.support-appcompat-v7-23.3.0_82b31879600d3fc6c2c237572c308ae000db903f F:\BoaViagem\app\build\intermediates\exploded-aar\com.android.support\appcompat-v7\23.3.0\jars\classes.jar
java_class_path (initial): F:\Android\sdk\build-tools\23.0.2\lib\dx.jar
Launcher Type: SUN_STANDARD

Environment Variables:
JAVA_HOME=C:\Program Files\Java\jdk1.8.0_92
CLASSPATH=;C:\Program Files\Java\jdk1.8.0_92\lib;C:\Program Files\Java\jdk1.8.0_92\lib\tools.jar;C:\Program Files\Java\jdk1.8.0_92\lib\dt.jar;C:\Program Files\Java\jdk1.8.0_92\lib\htmlconverter.jar;C:\Program Files\Java\jdk1.8.0_92\jre\lib;C:\Program Files\Java\jdk1.8.0_92\jre\lib\rt.jar;
PATH=C:\ProgramData\Oracle\Java\javapath;C:\Program Files (x86)\NVIDIA Corporation\PhysX\Common;C:\WINDOWS\system32;C:\WINDOWS;C:\WINDOWS\System32\Wbem;C:\WINDOWS\System32\WindowsPowerShell\v1.0\;C:\Program Files (x86)\ATI Technologies\ATI.ACE\Core-Static;C:\Program Files (x86)\Microsoft ASP.NET\ASP.NET Web Pages\v1.0\;C:\Program Files\Microsoft SQL Server\110\Tools\Binn\;C:\Program Files (x86)\Common Files\Adobe\AGL;C:\Program Files\Java\jdk1.8.0_92\bin;C:\xampp\php;C:\Go\bin;C:\Program Files (x86)\Heroku\bin;C:\Program Files (x86)\git\cmd;C:\Program Files (x86)\Skype\Phone\;C:\Program Files (x86)\GtkSharp\2.12\bin;C:\Program Files\Git\cmd;C:\Program Files (x86)\Notepad++;C:\Program Files\Microsoft SQL Server\130\Tools\Binn\;C:\Program Files (x86)\Windows Kits\8.1\Windows Performance Toolkit\;C:\Program Files\Microsoft\Web Platform Installer\;C:\Python34;C:\MAMP\bin;C:\MAMP\bin\php\php5.6.8;C:\ProgramData\ComposerSetup\bin;C:\Program Files\nodejs\;C:\Program Files\dotnet\;C:\Program Files (x86)\Google\Cloud SDK\google-cloud-sdk\bin;C:\Users\Emanuelle Menali\.dnx\bin;C:\Users\Emanuelle Menali\AppData\Roaming\Composer\vendor\bin;C:\Users\Emanuelle Menali\AppData\Local\Microsoft\WindowsApps;C:\Users\Emanuelle Menali\AppData\Roaming\npm
USERNAME=Emanuelle Menali
OS=Windows_NT
PROCESSOR_IDENTIFIER=Intel64 Family 6 Model 69 Stepping 1, GenuineIntel



---------------  S Y S T E M  ---------------

OS: Windows 8.1 , 64 bit Build 9600 

CPU:total 4 (2 cores per cpu, 2 threads per core) family 6 model 69 stepping 1, cmov, cx8, fxsr, mmx, sse, sse2, sse3, ssse3, sse4.1, sse4.2, popcnt, avx, avx2, aes, clmul, erms, ht, tsc, tscinvbit

Memory: 4k page, physical 8266712k(1713144k free), swap 8266712k(5120k free)

vm_info: Java HotSpot(TM) 64-Bit Server VM (25.0-b70) for windows-amd64 JRE (1.8.0-b132), built on Mar  4 2014 03:46:18 by "java_re" with MS VC++ 10.0 (VS2010)

time: Wed Jul 06 19:50:14 2016
elapsed time: 8 seconds

