#
# There is insufficient memory for the Java Runtime Environment to continue.
# Native memory allocation (malloc) failed to allocate 551296 bytes for Chunk::new
# Possible reasons:
#   The system is out of physical RAM or swap space
#   In 32 bit mode, the process size limit was hit
# Possible solutions:
#   Reduce memory load on the system
#   Increase physical memory or swap space
#   Check if swap backing store is full
#   Use 64 bit Java on a 64 bit OS
#   Decrease Java heap size (-Xmx/-Xms)
#   Decrease number of Java threads
#   Decrease Java thread stack sizes (-Xss)
#   Set larger code cache with -XX:ReservedCodeCacheSize=
# This output file may be truncated or incomplete.
#
#  Out of Memory Error (allocation.cpp:388), pid=1800, tid=11624
#
# JRE version: Java(TM) SE Runtime Environment (8.0-b132) (build 1.8.0-b132)
# Java VM: Java HotSpot(TM) 64-Bit Server VM (25.0-b70 mixed mode windows-amd64 compressed oops)
# Failed to write core dump. Minidumps are not enabled by default on client versions of Windows
#

---------------  T H R E A D  ---------------

Current thread (0x000000001584d800):  JavaThread "C2 CompilerThread0" daemon [_thread_in_native, id=11624, stack(0x0000000016db0000,0x0000000016eb0000)]

Stack: [0x0000000016db0000,0x0000000016eb0000]
Native frames: (J=compiled Java code, j=interpreted, Vv=VM code, C=native code)
V  [jvm.dll+0x308e0a]


Current CompileTask:
C2:   7565 2448       4       com.android.dx.dex.code.DalvCode::finishProcessingIfNecessary (69 bytes)


---------------  P R O C E S S  ---------------

Java Threads: ( => current thread )
  0x0000000019044800 JavaThread "pool-1-thread-1" [_thread_in_vm, id=8264, stack(0x0000000019380000,0x0000000019480000)]
  0x00000000158aa800 JavaThread "Service Thread" daemon [_thread_blocked, id=7064, stack(0x00000000170b0000,0x00000000171b0000)]
  0x00000000158a3800 JavaThread "C1 CompilerThread2" daemon [_thread_blocked, id=9652, stack(0x0000000016fb0000,0x00000000170b0000)]
  0x00000000158a3000 JavaThread "C2 CompilerThread1" daemon [_thread_in_native, id=9748, stack(0x0000000016eb0000,0x0000000016fb0000)]
=>0x000000001584d800 JavaThread "C2 CompilerThread0" daemon [_thread_in_native, id=11624, stack(0x0000000016db0000,0x0000000016eb0000)]
  0x000000001584b000 JavaThread "Attach Listener" daemon [_thread_blocked, id=1756, stack(0x0000000016cb0000,0x0000000016db0000)]
  0x000000001584a000 JavaThread "Signal Dispatcher" daemon [_thread_blocked, id=11180, stack(0x0000000016bb0000,0x0000000016cb0000)]
  0x000000000316e800 JavaThread "Finalizer" daemon [_thread_blocked, id=8148, stack(0x0000000016ab0000,0x0000000016bb0000)]
  0x000000000316b800 JavaThread "Reference Handler" daemon [_thread_blocked, id=9972, stack(0x00000000169b0000,0x0000000016ab0000)]
  0x000000000307d800 JavaThread "main" [_thread_blocked, id=1028, stack(0x0000000002f10000,0x0000000003010000)]

Other Threads:
  0x0000000015816800 VMThread [stack: 0x00000000168b0000,0x00000000169b0000] [id=3504]
  0x00000000158ad800 WatcherThread [stack: 0x00000000171b0000,0x00000000172b0000] [id=4248]

VM state:not at safepoint (normal execution)

VM Mutex/Monitor currently owned by a thread: None

Heap:
 PSYoungGen      total 75776K, used 45056K [0x00000000eab00000, 0x00000000f1b00000, 0x0000000100000000)
  eden space 65024K, 55% used [0x00000000eab00000,0x00000000ece636b8,0x00000000eea80000)
  from space 10752K, 82% used [0x00000000eea80000,0x00000000ef31cac0,0x00000000ef500000)
  to   space 11776K, 0% used [0x00000000f0f80000,0x00000000f0f80000,0x00000000f1b00000)
 ParOldGen       total 129536K, used 35960K [0x00000000c0000000, 0x00000000c7e80000, 0x00000000eab00000)
  object space 129536K, 27% used [0x00000000c0000000,0x00000000c231e3e0,0x00000000c7e80000)
 Metaspace       used 6467K, capacity 7352K, committed 7680K, reserved 1056768K
  class space    used 632K, capacity 688K, committed 768K, reserved 1048576K

Card table byte_map: [0x0000000012540000,0x0000000012750000] byte_map_base: 0x0000000011f40000

Marking Bits: (ParMarkBitMap*) 0x0000000064e113b0
 Begin Bits: [0x0000000012cb0000, 0x0000000013cb0000)
 End Bits:   [0x0000000013cb0000, 0x0000000014cb0000)

Polling page: 0x0000000002dc0000

CodeCache: size=245760Kb used=9593Kb max_used=9607Kb free=236166Kb
 bounds [0x0000000003180000, 0x0000000003af0000, 0x0000000012180000]
 total_blobs=2703 nmethods=2437 adapters=179
 compilation: enabled

Compilation events (10 events):
Event: 7.545 Thread 0x00000000158a3800 2465       3       java.util.TimSort::binarySort (223 bytes)
Event: 7.546 Thread 0x00000000158a3800 nmethod 2465 0x0000000003ae1710 code [0x0000000003ae18e0, 0x0000000003ae22b8]
Event: 7.546 Thread 0x00000000158a3800 2464       3       com.android.dex.Leb128::writeSignedLeb128 (83 bytes)
Event: 7.546 Thread 0x00000000158a3800 nmethod 2464 0x0000000003ae2750 code [0x0000000003ae28e0, 0x0000000003ae2d08]
Event: 7.546 Thread 0x00000000158a3800 2454       3       com.android.dx.dex.file.DebugInfoEncoder::emitLocalStart (108 bytes)
Event: 7.547 Thread 0x00000000158a3800 nmethod 2454 0x0000000003ae2e50 code [0x0000000003ae30e0, 0x0000000003ae4198]
Event: 7.547 Thread 0x00000000158a3800 2463       3       com.android.dx.util.ByteArrayAnnotatedOutput::writeSleb128 (34 bytes)
Event: 7.547 Thread 0x00000000158a3800 nmethod 2463 0x0000000003ae49d0 code [0x0000000003ae4b40, 0x0000000003ae4d58]
Event: 7.547 Thread 0x00000000158a3800 2466       3       com.android.dx.dex.file.DebugInfoEncoder::emitAdvanceLine (82 bytes)
Event: 7.548 Thread 0x00000000158a3800 nmethod 2466 0x0000000003ae4e10 code [0x0000000003ae5040, 0x0000000003ae5cc8]

GC Heap History (10 events):
Event: 4.129 GC heap before
{Heap before GC invocations=15 (full 0):
 PSYoungGen      total 33792K, used 32992K [0x00000000eab00000, 0x00000000ed000000, 0x0000000100000000)
  eden space 29696K, 100% used [0x00000000eab00000,0x00000000ec800000,0x00000000ec800000)
  from space 4096K, 80% used [0x00000000ecc00000,0x00000000ecf38000,0x00000000ed000000)
  to   space 4096K, 0% used [0x00000000ec800000,0x00000000ec800000,0x00000000ecc00000)
 ParOldGen       total 129536K, used 11372K [0x00000000c0000000, 0x00000000c7e80000, 0x00000000eab00000)
  object space 129536K, 8% used [0x00000000c0000000,0x00000000c0b1b1f0,0x00000000c7e80000)
 Metaspace       used 5959K, capacity 6960K, committed 7040K, reserved 1056768K
  class space    used 592K, capacity 616K, committed 640K, reserved 1048576K
Event: 4.149 GC heap after
Heap after GC invocations=15 (full 0):
 PSYoungGen      total 33792K, used 4064K [0x00000000eab00000, 0x00000000ee580000, 0x0000000100000000)
  eden space 29696K, 0% used [0x00000000eab00000,0x00000000eab00000,0x00000000ec800000)
  from space 4096K, 99% used [0x00000000ec800000,0x00000000ecbf8010,0x00000000ecc00000)
  to   space 6144K, 0% used [0x00000000edf80000,0x00000000edf80000,0x00000000ee580000)
 ParOldGen       total 129536K, used 14421K [0x00000000c0000000, 0x00000000c7e80000, 0x00000000eab00000)
  object space 129536K, 11% used [0x00000000c0000000,0x00000000c0e155e0,0x00000000c7e80000)
 Metaspace       used 5959K, capacity 6960K, committed 7040K, reserved 1056768K
  class space    used 592K, capacity 616K, committed 640K, reserved 1048576K
}
Event: 4.330 GC heap before
{Heap before GC invocations=16 (full 0):
 PSYoungGen      total 33792K, used 33760K [0x00000000eab00000, 0x00000000ee580000, 0x0000000100000000)
  eden space 29696K, 100% used [0x00000000eab00000,0x00000000ec800000,0x00000000ec800000)
  from space 4096K, 99% used [0x00000000ec800000,0x00000000ecbf8010,0x00000000ecc00000)
  to   space 6144K, 0% used [0x00000000edf80000,0x00000000edf80000,0x00000000ee580000)
 ParOldGen       total 129536K, used 14421K [0x00000000c0000000, 0x00000000c7e80000, 0x00000000eab00000)
  object space 129536K, 11% used [0x00000000c0000000,0x00000000c0e155e0,0x00000000c7e80000)
 Metaspace       used 5969K, capacity 6960K, committed 7040K, reserved 1056768K
  class space    used 592K, capacity 616K, committed 640K, reserved 1048576K
Event: 4.347 GC heap after
Heap after GC invocations=16 (full 0):
 PSYoungGen      total 53248K, used 4955K [0x00000000eab00000, 0x00000000ee680000, 0x0000000100000000)
  eden space 47104K, 0% used [0x00000000eab00000,0x00000000eab00000,0x00000000ed900000)
  from space 6144K, 80% used [0x00000000edf80000,0x00000000ee456d68,0x00000000ee580000)
  to   space 6656K, 0% used [0x00000000ed900000,0x00000000ed900000,0x00000000edf80000)
 ParOldGen       total 129536K, used 18562K [0x00000000c0000000, 0x00000000c7e80000, 0x00000000eab00000)
  object space 129536K, 14% used [0x00000000c0000000,0x00000000c1220bf8,0x00000000c7e80000)
 Metaspace       used 5969K, capacity 6960K, committed 7040K, reserved 1056768K
  class space    used 592K, capacity 616K, committed 640K, reserved 1048576K
}
Event: 4.604 GC heap before
{Heap before GC invocations=17 (full 0):
 PSYoungGen      total 53248K, used 52059K [0x00000000eab00000, 0x00000000ee680000, 0x0000000100000000)
  eden space 47104K, 100% used [0x00000000eab00000,0x00000000ed900000,0x00000000ed900000)
  from space 6144K, 80% used [0x00000000edf80000,0x00000000ee456d68,0x00000000ee580000)
  to   space 6656K, 0% used [0x00000000ed900000,0x00000000ed900000,0x00000000edf80000)
 ParOldGen       total 129536K, used 18562K [0x00000000c0000000, 0x00000000c7e80000, 0x00000000eab00000)
  object space 129536K, 14% used [0x00000000c0000000,0x00000000c1220bf8,0x00000000c7e80000)
 Metaspace       used 6068K, capacity 7000K, committed 7168K, reserved 1056768K
  class space    used 612K, capacity 656K, committed 768K, reserved 1048576K
Event: 4.629 GC heap after
Heap after GC invocations=17 (full 0):
 PSYoungGen      total 53760K, used 6626K [0x00000000eab00000, 0x00000000efe80000, 0x0000000100000000)
  eden space 47104K, 0% used [0x00000000eab00000,0x00000000eab00000,0x00000000ed900000)
  from space 6656K, 99% used [0x00000000ed900000,0x00000000edf78b60,0x00000000edf80000)
  to   space 9728K, 0% used [0x00000000ef500000,0x00000000ef500000,0x00000000efe80000)
 ParOldGen       total 129536K, used 22998K [0x00000000c0000000, 0x00000000c7e80000, 0x00000000eab00000)
  object space 129536K, 17% used [0x00000000c0000000,0x00000000c1675850,0x00000000c7e80000)
 Metaspace       used 6068K, capacity 7000K, committed 7168K, reserved 1056768K
  class space    used 612K, capacity 656K, committed 768K, reserved 1048576K
}
Event: 4.864 GC heap before
{Heap before GC invocations=18 (full 0):
 PSYoungGen      total 53760K, used 53730K [0x00000000eab00000, 0x00000000efe80000, 0x0000000100000000)
  eden space 47104K, 100% used [0x00000000eab00000,0x00000000ed900000,0x00000000ed900000)
  from space 6656K, 99% used [0x00000000ed900000,0x00000000edf78b60,0x00000000edf80000)
  to   space 9728K, 0% used [0x00000000ef500000,0x00000000ef500000,0x00000000efe80000)
 ParOldGen       total 129536K, used 22998K [0x00000000c0000000, 0x00000000c7e80000, 0x00000000eab00000)
  object space 129536K, 17% used [0x00000000c0000000,0x00000000c1675850,0x00000000c7e80000)
 Metaspace       used 6113K, capacity 7064K, committed 7424K, reserved 1056768K
  class space    used 612K, capacity 656K, committed 768K, reserved 1048576K
Event: 4.890 GC heap after
Heap after GC invocations=18 (full 0):
 PSYoungGen      total 74752K, used 7848K [0x00000000eab00000, 0x00000000f0080000, 0x0000000100000000)
  eden space 65024K, 0% used [0x00000000eab00000,0x00000000eab00000,0x00000000eea80000)
  from space 9728K, 80% used [0x00000000ef500000,0x00000000efcaa060,0x00000000efe80000)
  to   space 10752K, 0% used [0x00000000eea80000,0x00000000eea80000,0x00000000ef500000)
 ParOldGen       total 129536K, used 29018K [0x00000000c0000000, 0x00000000c7e80000, 0x00000000eab00000)
  object space 129536K, 22% used [0x00000000c0000000,0x00000000c1c56a40,0x00000000c7e80000)
 Metaspace       used 6113K, capacity 7064K, committed 7424K, reserved 1056768K
  class space    used 612K, capacity 656K, committed 768K, reserved 1048576K
}
Event: 5.217 GC heap before
{Heap before GC invocations=19 (full 0):
 PSYoungGen      total 74752K, used 72872K [0x00000000eab00000, 0x00000000f0080000, 0x0000000100000000)
  eden space 65024K, 100% used [0x00000000eab00000,0x00000000eea80000,0x00000000eea80000)
  from space 9728K, 80% used [0x00000000ef500000,0x00000000efcaa060,0x00000000efe80000)
  to   space 10752K, 0% used [0x00000000eea80000,0x00000000eea80000,0x00000000ef500000)
 ParOldGen       total 129536K, used 29018K [0x00000000c0000000, 0x00000000c7e80000, 0x00000000eab00000)
  object space 129536K, 22% used [0x00000000c0000000,0x00000000c1c56a40,0x00000000c7e80000)
 Metaspace       used 6131K, capacity 7064K, committed 7424K, reserved 1056768K
  class space    used 612K, capacity 656K, committed 768K, reserved 1048576K
Event: 5.236 GC heap after
Heap after GC invocations=19 (full 0):
 PSYoungGen      total 75776K, used 8818K [0x00000000eab00000, 0x00000000f1b00000, 0x0000000100000000)
  eden space 65024K, 0% used [0x00000000eab00000,0x00000000eab00000,0x00000000eea80000)
  from space 10752K, 82% used [0x00000000eea80000,0x00000000ef31cac0,0x00000000ef500000)
  to   space 11776K, 0% used [0x00000000f0f80000,0x00000000f0f80000,0x00000000f1b00000)
 ParOldGen       total 129536K, used 35960K [0x00000000c0000000, 0x00000000c7e80000, 0x00000000eab00000)
  object space 129536K, 27% used [0x00000000c0000000,0x00000000c231e3e0,0x00000000c7e80000)
 Metaspace       used 6131K, capacity 7064K, committed 7424K, reserved 1056768K
  class space    used 612K, capacity 656K, committed 768K, reserved 1048576K
}

Deoptimization events (10 events):
Event: 5.384 Thread 0x0000000019044800 Uncommon trap: reason=class_check action=maybe_recompile pc=0x00000000035f9260 method=java.util.Arrays.hashCode([Ljava/lang/Object;)I @ 43
Event: 5.385 Thread 0x0000000019044800 Uncommon trap: reason=class_check action=maybe_recompile pc=0x00000000035e6200 method=java.util.Arrays.hashCode([Ljava/lang/Object;)I @ 43
Event: 5.836 Thread 0x0000000019044800 Uncommon trap: reason=class_check action=maybe_recompile pc=0x00000000034cc494 method=com.android.dx.util.FixedSizeList.equals(Ljava/lang/Object;)Z @ 25
Event: 5.900 Thread 0x0000000019044800 Uncommon trap: reason=class_check action=maybe_recompile pc=0x00000000034cc494 method=com.android.dx.util.FixedSizeList.equals(Ljava/lang/Object;)Z @ 25
Event: 5.900 Thread 0x0000000019044800 Uncommon trap: reason=class_check action=maybe_recompile pc=0x00000000034cc494 method=com.android.dx.util.FixedSizeList.equals(Ljava/lang/Object;)Z @ 25
Event: 5.900 Thread 0x0000000019044800 Uncommon trap: reason=class_check action=maybe_recompile pc=0x00000000034cc494 method=com.android.dx.util.FixedSizeList.equals(Ljava/lang/Object;)Z @ 25
Event: 7.517 Thread 0x0000000019044800 Uncommon trap: reason=class_check action=maybe_recompile pc=0x0000000003ab6888 method=com.android.dx.dex.file.OffsettedItem.place(Lcom/android/dx/dex/file/Section;I)I @ 73
Event: 7.517 Thread 0x0000000019044800 Uncommon trap: reason=class_check action=maybe_recompile pc=0x0000000003ab6888 method=com.android.dx.dex.file.OffsettedItem.place(Lcom/android/dx/dex/file/Section;I)I @ 73
Event: 7.517 Thread 0x0000000019044800 Uncommon trap: reason=class_check action=maybe_recompile pc=0x0000000003ab6888 method=com.android.dx.dex.file.OffsettedItem.place(Lcom/android/dx/dex/file/Section;I)I @ 73
Event: 7.517 Thread 0x0000000019044800 Uncommon trap: reason=class_check action=maybe_recompile pc=0x0000000003ab6888 method=com.android.dx.dex.file.OffsettedItem.place(Lcom/android/dx/dex/file/Section;I)I @ 73

Internal exceptions (10 events):
Event: 5.822 Thread 0x0000000019044800 Exception <a 'java/security/PrivilegedActionException'> (0x00000000ec2030e8) thrown at [D:\re\workspace\8-2-build-windows-amd64-cygwin\jdk8\2238\hotspot\src\share\vm\prims\jvm.cpp, line 1248]
Event: 5.825 Thread 0x0000000019044800 Exception <a 'java/security/PrivilegedActionException'> (0x00000000ec207dd0) thrown at [D:\re\workspace\8-2-build-windows-amd64-cygwin\jdk8\2238\hotspot\src\share\vm\prims\jvm.cpp, line 1248]
Event: 5.826 Thread 0x0000000019044800 Exception <a 'java/security/PrivilegedActionException'> (0x00000000ec20c340) thrown at [D:\re\workspace\8-2-build-windows-amd64-cygwin\jdk8\2238\hotspot\src\share\vm\prims\jvm.cpp, line 1248]
Event: 5.835 Thread 0x0000000019044800 Exception <a 'java/security/PrivilegedActionException'> (0x00000000ec21f438) thrown at [D:\re\workspace\8-2-build-windows-amd64-cygwin\jdk8\2238\hotspot\src\share\vm\prims\jvm.cpp, line 1248]
Event: 5.836 Thread 0x0000000019044800 Exception <a 'java/security/PrivilegedActionException'> (0x00000000ec222278) thrown at [D:\re\workspace\8-2-build-windows-amd64-cygwin\jdk8\2238\hotspot\src\share\vm\prims\jvm.cpp, line 1248]
Event: 5.837 Thread 0x0000000019044800 Exception <a 'java/security/PrivilegedActionException'> (0x00000000ec225298) thrown at [D:\re\workspace\8-2-build-windows-amd64-cygwin\jdk8\2238\hotspot\src\share\vm\prims\jvm.cpp, line 1248]
Event: 5.848 Thread 0x0000000019044800 Exception <a 'java/security/PrivilegedActionException'> (0x00000000ec235f50) thrown at [D:\re\workspace\8-2-build-windows-amd64-cygwin\jdk8\2238\hotspot\src\share\vm\prims\jvm.cpp, line 1248]
Event: 7.514 Thread 0x0000000019044800 Exception <a 'java/security/PrivilegedActionException'> (0x00000000ecb96228) thrown at [D:\re\workspace\8-2-build-windows-amd64-cygwin\jdk8\2238\hotspot\src\share\vm\prims\jvm.cpp, line 1248]
Event: 7.516 Thread 0x0000000019044800 Exception <a 'java/security/PrivilegedActionException'> (0x00000000ecba1de0) thrown at [D:\re\workspace\8-2-build-windows-amd64-cygwin\jdk8\2238\hotspot\src\share\vm\prims\jvm.cpp, line 1248]
Event: 7.516 Thread 0x0000000019044800 Exception <a 'java/security/PrivilegedActionException'> (0x00000000ecba4928) thrown at [D:\re\workspace\8-2-build-windows-amd64-cygwin\jdk8\2238\hotspot\src\share\vm\prims\jvm.cpp, line 1248]

Events (10 events):
Event: 7.517 Thread 0x0000000019044800 DEOPT UNPACKING pc=0x00000000031c55af sp=0x000000001947f1e0 mode 2
Event: 7.517 Thread 0x0000000019044800 Uncommon trap: trap_request=0xffffffde fr.pc=0x0000000003ab6888
Event: 7.517 Thread 0x0000000019044800 DEOPT PACKING pc=0x0000000003ab6888 sp=0x000000001947f240
Event: 7.517 Thread 0x0000000019044800 DEOPT UNPACKING pc=0x00000000031c55af sp=0x000000001947f1e0 mode 2
Event: 7.517 Thread 0x0000000019044800 Uncommon trap: trap_request=0xffffffde fr.pc=0x0000000003ab6888
Event: 7.517 Thread 0x0000000019044800 DEOPT PACKING pc=0x0000000003ab6888 sp=0x000000001947f240
Event: 7.517 Thread 0x0000000019044800 DEOPT UNPACKING pc=0x00000000031c55af sp=0x000000001947f1e0 mode 2
Event: 7.517 Thread 0x0000000019044800 Uncommon trap: trap_request=0xffffffde fr.pc=0x0000000003ab6888
Event: 7.517 Thread 0x0000000019044800 DEOPT PACKING pc=0x0000000003ab6888 sp=0x000000001947f240
Event: 7.517 Thread 0x0000000019044800 DEOPT UNPACKING pc=0x00000000031c55af sp=0x000000001947f1e0 mode 2


Dynamic libraries:
0x00007ff6d11e0000 - 0x00007ff6d1214000 	C:\Program Files\Java\jdk1.8.0\bin\java.exe
0x00007ffcb8850000 - 0x00007ffcb8a1f000 	C:\WINDOWS\SYSTEM32\ntdll.dll
0x00007ffcb66c0000 - 0x00007ffcb676b000 	C:\WINDOWS\System32\KERNEL32.DLL
0x00007ffcb4e50000 - 0x00007ffcb506a000 	C:\WINDOWS\System32\KERNELBASE.dll
0x00007ffcb83d0000 - 0x00007ffcb8470000 	C:\WINDOWS\System32\ADVAPI32.dll
0x00007ffcb6620000 - 0x00007ffcb66be000 	C:\WINDOWS\System32\msvcrt.dll
0x00007ffcb5e50000 - 0x00007ffcb5ea8000 	C:\WINDOWS\System32\sechost.dll
0x00007ffcb5fb0000 - 0x00007ffcb60cd000 	C:\WINDOWS\System32\RPCRT4.dll
0x00007ffcb67f0000 - 0x00007ffcb6956000 	C:\WINDOWS\System32\USER32.dll
0x00007ffcb5ba0000 - 0x00007ffcb5bbe000 	C:\WINDOWS\System32\win32u.dll
0x00007ffcb67a0000 - 0x00007ffcb67d1000 	C:\WINDOWS\System32\GDI32.dll
0x00007ffcb5cc0000 - 0x00007ffcb5e46000 	C:\WINDOWS\System32\gdi32full.dll
0x00007ffca8040000 - 0x00007ffca82ac000 	C:\WINDOWS\WinSxS\amd64_microsoft.windows.common-controls_6595b64144ccf1df_6.0.14361.0_none_2d0d50d4bdb33e17\COMCTL32.dll
0x00007ffcb6370000 - 0x00007ffcb661b000 	C:\WINDOWS\System32\combase.dll
0x00007ffcb53c0000 - 0x00007ffcb54b4000 	C:\WINDOWS\System32\ucrtbase.dll
0x00007ffcb52a0000 - 0x00007ffcb5309000 	C:\WINDOWS\System32\bcryptPrimitives.dll
0x00007ffcb6770000 - 0x00007ffcb679e000 	C:\WINDOWS\System32\IMM32.DLL
0x00007ffca02f0000 - 0x00007ffca0397000 	C:\Program Files\McAfee\Gkp\HcApi.dll
0x0000000067630000 - 0x000000006763c000 	C:\Program Files\McAfee\Gkp\HcThe.dll
0x0000000064e90000 - 0x0000000064f62000 	C:\Program Files\Java\jdk1.8.0\jre\bin\msvcr100.dll
0x0000000064660000 - 0x0000000064e8a000 	C:\Program Files\Java\jdk1.8.0\jre\bin\server\jvm.dll
0x00007ffcb67e0000 - 0x00007ffcb67e7000 	C:\WINDOWS\System32\PSAPI.DLL
0x00007ffcb0540000 - 0x00007ffcb0549000 	C:\WINDOWS\SYSTEM32\WSOCK32.dll
0x00007ffcb8290000 - 0x00007ffcb82fc000 	C:\WINDOWS\System32\WS2_32.dll
0x00007ffcb33a0000 - 0x00007ffcb33c3000 	C:\WINDOWS\SYSTEM32\WINMM.dll
0x00007ffcb3320000 - 0x00007ffcb334c000 	C:\WINDOWS\SYSTEM32\WINMMBASE.dll
0x00007ffcb5c70000 - 0x00007ffcb5cb2000 	C:\WINDOWS\System32\cfgmgr32.dll
0x0000000064650000 - 0x000000006465f000 	C:\Program Files\Java\jdk1.8.0\jre\bin\verify.dll
0x0000000064620000 - 0x0000000064648000 	C:\Program Files\Java\jdk1.8.0\jre\bin\java.dll
0x0000000064600000 - 0x0000000064616000 	C:\Program Files\Java\jdk1.8.0\jre\bin\zip.dll
0x00007ffcb6d90000 - 0x00007ffcb826d000 	C:\WINDOWS\System32\SHELL32.dll
0x00007ffcb54c0000 - 0x00007ffcb5b92000 	C:\WINDOWS\System32\windows.storage.dll
0x00007ffcb4e00000 - 0x00007ffcb4e4c000 	C:\WINDOWS\System32\powrprof.dll
0x00007ffcb85e0000 - 0x00007ffcb8633000 	C:\WINDOWS\System32\shlwapi.dll
0x00007ffcb4df0000 - 0x00007ffcb4dff000 	C:\WINDOWS\System32\kernel.appcore.dll
0x00007ffcb5310000 - 0x00007ffcb53b7000 	C:\WINDOWS\System32\shcore.dll
0x00007ffcb4dd0000 - 0x00007ffcb4de4000 	C:\WINDOWS\System32\profapi.dll
0x00007ffca1f90000 - 0x00007ffca2122000 	C:\WINDOWS\SYSTEM32\dbghelp.dll

VM Arguments:
jvm_args: -Djava.awt.headless=true -Xmx1024M -Dfile.encoding=windows-1252 -Duser.country=BR -Duser.language=pt -Duser.variant 
java_command: com.android.dx.command.Main --dex --force-jumbo --num-threads=4 --multi-dex --output F:\BoaViagem\app\build\intermediates\transforms\dex\debug\folders\1000\10\com.android.support-appcompat-v7-23.3.0_82b31879600d3fc6c2c237572c308ae000db903f F:\BoaViagem\app\build\intermediates\exploded-aar\com.android.support\appcompat-v7\23.3.0\jars\classes.jar
java_class_path (initial): F:\Android\sdk\build-tools\23.0.2\lib\dx.jar
Launcher Type: SUN_STANDARD

Environment Variables:
JAVA_HOME=C:\Program Files\Java\jdk1.8.0_92
CLASSPATH=;C:\Program Files\Java\jdk1.8.0_92\lib;C:\Program Files\Java\jdk1.8.0_92\lib\tools.jar;C:\Program Files\Java\jdk1.8.0_92\lib\dt.jar;C:\Program Files\Java\jdk1.8.0_92\lib\htmlconverter.jar;C:\Program Files\Java\jdk1.8.0_92\jre\lib;C:\Program Files\Java\jdk1.8.0_92\jre\lib\rt.jar;
PATH=C:\ProgramData\Oracle\Java\javapath;C:\Program Files (x86)\NVIDIA Corporation\PhysX\Common;C:\WINDOWS\system32;C:\WINDOWS;C:\WINDOWS\System32\Wbem;C:\WINDOWS\System32\WindowsPowerShell\v1.0\;C:\Program Files (x86)\ATI Technologies\ATI.ACE\Core-Static;C:\Program Files (x86)\Microsoft ASP.NET\ASP.NET Web Pages\v1.0\;C:\Program Files\Microsoft SQL Server\110\Tools\Binn\;C:\Program Files (x86)\Common Files\Adobe\AGL;C:\Program Files\Java\jdk1.8.0_92\bin;C:\xampp\php;C:\Go\bin;C:\Program Files (x86)\Heroku\bin;C:\Program Files (x86)\git\cmd;C:\Program Files (x86)\Skype\Phone\;C:\Program Files (x86)\GtkSharp\2.12\bin;C:\Program Files\Git\cmd;C:\Program Files (x86)\Notepad++;C:\Program Files\Microsoft SQL Server\130\Tools\Binn\;C:\Program Files (x86)\Windows Kits\8.1\Windows Performance Toolkit\;C:\Program Files\Microsoft\Web Platform Installer\;C:\Python34;C:\MAMP\bin;C:\MAMP\bin\php\php5.6.8;C:\ProgramData\ComposerSetup\bin;C:\Program Files\nodejs\;C:\Program Files\dotnet\;C:\Program Files (x86)\Google\Cloud SDK\google-cloud-sdk\bin;C:\Users\Emanuelle Menali\.dnx\bin;C:\Users\Emanuelle Menali\AppData\Roaming\Composer\vendor\bin;C:\Users\Emanuelle Menali\AppData\Local\Microsoft\WindowsApps;C:\Users\Emanuelle Menali\AppData\Roaming\npm
USERNAME=Emanuelle Menali
OS=Windows_NT
PROCESSOR_IDENTIFIER=Intel64 Family 6 Model 69 Stepping 1, GenuineIntel



---------------  S Y S T E M  ---------------

OS: Windows 8.1 , 64 bit Build 9600 

CPU:total 4 (2 cores per cpu, 2 threads per core) family 6 model 69 stepping 1, cmov, cx8, fxsr, mmx, sse, sse2, sse3, ssse3, sse4.1, sse4.2, popcnt, avx, avx2, aes, clmul, erms, ht, tsc, tscinvbit

Memory: 4k page, physical 8266712k(1834124k free), swap 8266712k(3160k free)

vm_info: Java HotSpot(TM) 64-Bit Server VM (25.0-b70) for windows-amd64 JRE (1.8.0-b132), built on Mar  4 2014 03:46:18 by "java_re" with MS VC++ 10.0 (VS2010)

time: Wed Jul 06 17:23:19 2016
elapsed time: 7 seconds

