#
# There is insufficient memory for the Java Runtime Environment to continue.
# Native memory allocation (malloc) failed to allocate 4194320 bytes for Chunk::new
# Possible reasons:
#   The system is out of physical RAM or swap space
#   In 32 bit mode, the process size limit was hit
# Possible solutions:
#   Reduce memory load on the system
#   Increase physical memory or swap space
#   Check if swap backing store is full
#   Use 64 bit Java on a 64 bit OS
#   Decrease Java heap size (-Xmx/-Xms)
#   Decrease number of Java threads
#   Decrease Java thread stack sizes (-Xss)
#   Set larger code cache with -XX:ReservedCodeCacheSize=
# This output file may be truncated or incomplete.
#
#  Out of Memory Error (allocation.cpp:388), pid=6512, tid=12092
#
# JRE version: Java(TM) SE Runtime Environment (8.0-b132) (build 1.8.0-b132)
# Java VM: Java HotSpot(TM) 64-Bit Server VM (25.0-b70 mixed mode windows-amd64 compressed oops)
# Failed to write core dump. Minidumps are not enabled by default on client versions of Windows
#

---------------  T H R E A D  ---------------

Current thread (0x00000000149ef800):  JavaThread "C2 CompilerThread1" daemon [_thread_in_native, id=12092, stack(0x0000000015ff0000,0x00000000160f0000)]

Stack: [0x0000000015ff0000,0x00000000160f0000]
Native frames: (J=compiled Java code, j=interpreted, Vv=VM code, C=native code)
V  [jvm.dll+0x308e0a]
V  [jvm.dll+0x25df11]
V  [jvm.dll+0x25eb2f]
V  [jvm.dll+0x256505]
V  [jvm.dll+0xbcff5]
V  [jvm.dll+0xbd48c]
V  [jvm.dll+0x44e068]
V  [jvm.dll+0x44ef40]
V  [jvm.dll+0x44f1fa]
V  [jvm.dll+0x4500df]
V  [jvm.dll+0x45247a]
V  [jvm.dll+0x4545c5]
V  [jvm.dll+0x454f4c]
V  [jvm.dll+0x455293]
V  [jvm.dll+0x4420e3]
V  [jvm.dll+0x44368b]
V  [jvm.dll+0x427552]
V  [jvm.dll+0x96732]
V  [jvm.dll+0x96f23]
V  [jvm.dll+0x2232e4]
V  [jvm.dll+0x27baea]
C  [msvcr100.dll+0x21d9f]
C  [msvcr100.dll+0x21e3b]
C  [KERNEL32.DLL+0x10404]
C  [ntdll.dll+0x550b1]


Current CompileTask:
C2:  10148 2035   !   4       com.android.dx.cf.code.Ropper::processBlock (1101 bytes)


---------------  P R O C E S S  ---------------

Java Threads: ( => current thread )
  0x0000000016796800 JavaThread "pool-2-thread-4" [_thread_blocked, id=12280, stack(0x00000000173f0000,0x00000000174f0000)]
  0x0000000016796000 JavaThread "pool-2-thread-3" [_thread_in_Java, id=6268, stack(0x00000000172f0000,0x00000000173f0000)]
  0x0000000016752800 JavaThread "pool-2-thread-2" [_thread_in_Java, id=3520, stack(0x00000000171f0000,0x00000000172f0000)]
  0x0000000016751800 JavaThread "pool-3-thread-1" [_thread_blocked, id=4180, stack(0x00000000170f0000,0x00000000171f0000)]
  0x0000000016751000 JavaThread "pool-2-thread-1" [_thread_in_vm, id=12184, stack(0x0000000016ff0000,0x00000000170f0000)]
  0x00000000149f7800 JavaThread "Service Thread" daemon [_thread_blocked, id=10224, stack(0x00000000161f0000,0x00000000162f0000)]
  0x00000000149f0800 JavaThread "C1 CompilerThread2" daemon [_thread_blocked, id=6408, stack(0x00000000160f0000,0x00000000161f0000)]
=>0x00000000149ef800 JavaThread "C2 CompilerThread1" daemon [_thread_in_native, id=12092, stack(0x0000000015ff0000,0x00000000160f0000)]
  0x000000001499d800 JavaThread "C2 CompilerThread0" daemon [_thread_in_native, id=380, stack(0x0000000015ef0000,0x0000000015ff0000)]
  0x000000001499b000 JavaThread "Attach Listener" daemon [_thread_blocked, id=7032, stack(0x0000000015df0000,0x0000000015ef0000)]
  0x000000001499a000 JavaThread "Signal Dispatcher" daemon [_thread_blocked, id=3928, stack(0x0000000015cf0000,0x0000000015df0000)]
  0x00000000021fe800 JavaThread "Finalizer" daemon [_thread_blocked, id=5984, stack(0x0000000015bf0000,0x0000000015cf0000)]
  0x00000000021fb800 JavaThread "Reference Handler" daemon [_thread_blocked, id=9984, stack(0x0000000015af0000,0x0000000015bf0000)]
  0x00000000022bd800 JavaThread "main" [_thread_blocked, id=8808, stack(0x00000000008b0000,0x00000000009b0000)]

Other Threads:
  0x0000000014966800 VMThread [stack: 0x00000000159f0000,0x0000000015af0000] [id=5444]
  0x00000000149fa000 WatcherThread [stack: 0x00000000162f0000,0x00000000163f0000] [id=11964]

VM state:not at safepoint (normal execution)

VM Mutex/Monitor currently owned by a thread: None

Heap:
 PSYoungGen      total 59904K, used 35665K [0x00000000eab00000, 0x00000000f0980000, 0x0000000100000000)
  eden space 52224K, 53% used [0x00000000eab00000,0x00000000ec65b3e8,0x00000000ede00000)
  from space 7680K, 99% used [0x00000000ede00000,0x00000000ee579168,0x00000000ee580000)
  to   space 11776K, 0% used [0x00000000efe00000,0x00000000efe00000,0x00000000f0980000)
 ParOldGen       total 129536K, used 33588K [0x00000000c0000000, 0x00000000c7e80000, 0x00000000eab00000)
  object space 129536K, 25% used [0x00000000c0000000,0x00000000c20cd050,0x00000000c7e80000)
 Metaspace       used 6133K, capacity 7064K, committed 7424K, reserved 1056768K
  class space    used 613K, capacity 656K, committed 768K, reserved 1048576K

Card table byte_map: [0x0000000011690000,0x00000000118a0000] byte_map_base: 0x0000000011090000

Marking Bits: (ParMarkBitMap*) 0x0000000064e113b0
 Begin Bits: [0x0000000011e00000, 0x0000000012e00000)
 End Bits:   [0x0000000012e00000, 0x0000000013e00000)

Polling page: 0x0000000000570000

CodeCache: size=245760Kb used=9463Kb max_used=9463Kb free=236296Kb
 bounds [0x00000000022d0000, 0x0000000002c20000, 0x00000000112d0000]
 total_blobs=2329 nmethods=2064 adapters=178
 compilation: enabled

Compilation events (10 events):
Event: 10.038 Thread 0x00000000149f0800 2123   !   2       java.util.concurrent.LinkedBlockingQueue::take (93 bytes)
Event: 10.039 Thread 0x00000000149f0800 nmethod 2123 0x0000000002c09e10 code [0x0000000002c0a060, 0x0000000002c0a778]
Event: 10.057 Thread 0x00000000149f0800 2124   !   2       com.android.dx.cf.code.ExecutionStack::change (116 bytes)
Event: 10.058 Thread 0x00000000149f0800 nmethod 2124 0x0000000002c0b250 code [0x0000000002c0b4e0, 0x0000000002c0bed8]
Event: 10.071 Thread 0x00000000149f0800 2125       2       com.android.dx.rop.code.Rops::opInvokeSuper (17 bytes)
Event: 10.071 Thread 0x00000000149f0800 nmethod 2125 0x0000000002c0c750 code [0x0000000002c0c8c0, 0x0000000002c0cad8]
Event: 10.085 Thread 0x00000000149f0800 2126       2       com.android.dx.cf.direct.StdAttributeFactory::innerClasses (383 bytes)
Event: 10.089 Thread 0x00000000149f0800 nmethod 2126 0x0000000002c0cc10 code [0x0000000002c0d200, 0x0000000002c0fa08]
Event: 10.110 Thread 0x00000000149f0800 2128   !   2       com.android.dx.rop.cst.CstType::intern (48 bytes)
Event: 10.111 Thread 0x00000000149f0800 nmethod 2128 0x0000000002c13d50 code [0x0000000002c13f00, 0x0000000002c14428]

GC Heap History (10 events):
Event: 6.858 GC heap before
{Heap before GC invocations=17 (full 0):
 PSYoungGen      total 30720K, used 29968K [0x00000000eab00000, 0x00000000ecc80000, 0x0000000100000000)
  eden space 27136K, 100% used [0x00000000eab00000,0x00000000ec580000,0x00000000ec580000)
  from space 3584K, 79% used [0x00000000ec900000,0x00000000ecbc4010,0x00000000ecc80000)
  to   space 3584K, 0% used [0x00000000ec580000,0x00000000ec580000,0x00000000ec900000)
 ParOldGen       total 129536K, used 10813K [0x00000000c0000000, 0x00000000c7e80000, 0x00000000eab00000)
  object space 129536K, 8% used [0x00000000c0000000,0x00000000c0a8f630,0x00000000c7e80000)
 Metaspace       used 5961K, capacity 6960K, committed 7040K, reserved 1056768K
  class space    used 593K, capacity 616K, committed 640K, reserved 1048576K
Event: 6.956 GC heap after
Heap after GC invocations=17 (full 0):
 PSYoungGen      total 30720K, used 3552K [0x00000000eab00000, 0x00000000edb80000, 0x0000000100000000)
  eden space 27136K, 0% used [0x00000000eab00000,0x00000000eab00000,0x00000000ec580000)
  from space 3584K, 99% used [0x00000000ec580000,0x00000000ec8f8010,0x00000000ec900000)
  to   space 5632K, 0% used [0x00000000ed600000,0x00000000ed600000,0x00000000edb80000)
 ParOldGen       total 129536K, used 14270K [0x00000000c0000000, 0x00000000c7e80000, 0x00000000eab00000)
  object space 129536K, 11% used [0x00000000c0000000,0x00000000c0defa58,0x00000000c7e80000)
 Metaspace       used 5961K, capacity 6960K, committed 7040K, reserved 1056768K
  class space    used 593K, capacity 616K, committed 640K, reserved 1048576K
}
Event: 7.862 GC heap before
{Heap before GC invocations=18 (full 0):
 PSYoungGen      total 30720K, used 30688K [0x00000000eab00000, 0x00000000edb80000, 0x0000000100000000)
  eden space 27136K, 100% used [0x00000000eab00000,0x00000000ec580000,0x00000000ec580000)
  from space 3584K, 99% used [0x00000000ec580000,0x00000000ec8f8010,0x00000000ec900000)
  to   space 5632K, 0% used [0x00000000ed600000,0x00000000ed600000,0x00000000edb80000)
 ParOldGen       total 129536K, used 14270K [0x00000000c0000000, 0x00000000c7e80000, 0x00000000eab00000)
  object space 129536K, 11% used [0x00000000c0000000,0x00000000c0defa58,0x00000000c7e80000)
 Metaspace       used 5971K, capacity 6960K, committed 7040K, reserved 1056768K
  class space    used 593K, capacity 616K, committed 640K, reserved 1048576K
Event: 7.947 GC heap after
Heap after GC invocations=18 (full 0):
 PSYoungGen      total 43520K, used 4208K [0x00000000eab00000, 0x00000000edc80000, 0x0000000100000000)
  eden space 37888K, 0% used [0x00000000eab00000,0x00000000eab00000,0x00000000ed000000)
  from space 5632K, 74% used [0x00000000ed600000,0x00000000eda1c220,0x00000000edb80000)
  to   space 6144K, 0% used [0x00000000ed000000,0x00000000ed000000,0x00000000ed600000)
 ParOldGen       total 129536K, used 17736K [0x00000000c0000000, 0x00000000c7e80000, 0x00000000eab00000)
  object space 129536K, 13% used [0x00000000c0000000,0x00000000c1152178,0x00000000c7e80000)
 Metaspace       used 5971K, capacity 6960K, committed 7040K, reserved 1056768K
  class space    used 593K, capacity 616K, committed 640K, reserved 1048576K
}
Event: 8.642 GC heap before
{Heap before GC invocations=19 (full 0):
 PSYoungGen      total 43520K, used 42096K [0x00000000eab00000, 0x00000000edc80000, 0x0000000100000000)
  eden space 37888K, 100% used [0x00000000eab00000,0x00000000ed000000,0x00000000ed000000)
  from space 5632K, 74% used [0x00000000ed600000,0x00000000eda1c220,0x00000000edb80000)
  to   space 6144K, 0% used [0x00000000ed000000,0x00000000ed000000,0x00000000ed600000)
 ParOldGen       total 129536K, used 17736K [0x00000000c0000000, 0x00000000c7e80000, 0x00000000eab00000)
  object space 129536K, 13% used [0x00000000c0000000,0x00000000c1152178,0x00000000c7e80000)
 Metaspace       used 6066K, capacity 7000K, committed 7168K, reserved 1056768K
  class space    used 613K, capacity 656K, committed 768K, reserved 1048576K
Event: 8.768 GC heap after
Heap after GC invocations=19 (full 0):
 PSYoungGen      total 44032K, used 5434K [0x00000000eab00000, 0x00000000eec00000, 0x0000000100000000)
  eden space 37888K, 0% used [0x00000000eab00000,0x00000000eab00000,0x00000000ed000000)
  from space 6144K, 88% used [0x00000000ed000000,0x00000000ed54e878,0x00000000ed600000)
  to   space 6656K, 0% used [0x00000000ee580000,0x00000000ee580000,0x00000000eec00000)
 ParOldGen       total 129536K, used 21726K [0x00000000c0000000, 0x00000000c7e80000, 0x00000000eab00000)
  object space 129536K, 16% used [0x00000000c0000000,0x00000000c1537960,0x00000000c7e80000)
 Metaspace       used 6066K, capacity 7000K, committed 7168K, reserved 1056768K
  class space    used 613K, capacity 656K, committed 768K, reserved 1048576K
}
Event: 9.259 GC heap before
{Heap before GC invocations=20 (full 0):
 PSYoungGen      total 44032K, used 43322K [0x00000000eab00000, 0x00000000eec00000, 0x0000000100000000)
  eden space 37888K, 100% used [0x00000000eab00000,0x00000000ed000000,0x00000000ed000000)
  from space 6144K, 88% used [0x00000000ed000000,0x00000000ed54e878,0x00000000ed600000)
  to   space 6656K, 0% used [0x00000000ee580000,0x00000000ee580000,0x00000000eec00000)
 ParOldGen       total 129536K, used 21726K [0x00000000c0000000, 0x00000000c7e80000, 0x00000000eab00000)
  object space 129536K, 16% used [0x00000000c0000000,0x00000000c1537960,0x00000000c7e80000)
 Metaspace       used 6109K, capacity 7064K, committed 7424K, reserved 1056768K
  class space    used 613K, capacity 656K, committed 768K, reserved 1048576K
Event: 9.320 GC heap after
Heap after GC invocations=20 (full 0):
 PSYoungGen      total 58880K, used 6397K [0x00000000eab00000, 0x00000000eee00000, 0x0000000100000000)
  eden space 52224K, 0% used [0x00000000eab00000,0x00000000eab00000,0x00000000ede00000)
  from space 6656K, 96% used [0x00000000ee580000,0x00000000eebbf7d0,0x00000000eec00000)
  to   space 7680K, 0% used [0x00000000ede00000,0x00000000ede00000,0x00000000ee580000)
 ParOldGen       total 129536K, used 26632K [0x00000000c0000000, 0x00000000c7e80000, 0x00000000eab00000)
  object space 129536K, 20% used [0x00000000c0000000,0x00000000c1a02190,0x00000000c7e80000)
 Metaspace       used 6109K, capacity 7064K, committed 7424K, reserved 1056768K
  class space    used 613K, capacity 656K, committed 768K, reserved 1048576K
}
Event: 9.844 GC heap before
{Heap before GC invocations=21 (full 0):
 PSYoungGen      total 58880K, used 58621K [0x00000000eab00000, 0x00000000eee00000, 0x0000000100000000)
  eden space 52224K, 100% used [0x00000000eab00000,0x00000000ede00000,0x00000000ede00000)
  from space 6656K, 96% used [0x00000000ee580000,0x00000000eebbf7d0,0x00000000eec00000)
  to   space 7680K, 0% used [0x00000000ede00000,0x00000000ede00000,0x00000000ee580000)
 ParOldGen       total 129536K, used 26632K [0x00000000c0000000, 0x00000000c7e80000, 0x00000000eab00000)
  object space 129536K, 20% used [0x00000000c0000000,0x00000000c1a02190,0x00000000c7e80000)
 Metaspace       used 6123K, capacity 7064K, committed 7424K, reserved 1056768K
  class space    used 613K, capacity 656K, committed 768K, reserved 1048576K
Event: 9.977 GC heap after
Heap after GC invocations=21 (full 0):
 PSYoungGen      total 59904K, used 7652K [0x00000000eab00000, 0x00000000f0980000, 0x0000000100000000)
  eden space 52224K, 0% used [0x00000000eab00000,0x00000000eab00000,0x00000000ede00000)
  from space 7680K, 99% used [0x00000000ede00000,0x00000000ee579168,0x00000000ee580000)
  to   space 11776K, 0% used [0x00000000efe00000,0x00000000efe00000,0x00000000f0980000)
 ParOldGen       total 129536K, used 33588K [0x00000000c0000000, 0x00000000c7e80000, 0x00000000eab00000)
  object space 129536K, 25% used [0x00000000c0000000,0x00000000c20cd050,0x00000000c7e80000)
 Metaspace       used 6123K, capacity 7064K, committed 7424K, reserved 1056768K
  class space    used 613K, capacity 656K, committed 768K, reserved 1048576K
}

Deoptimization events (10 events):
Event: 8.227 Thread 0x0000000016796800 Uncommon trap: reason=unreached action=reinterpret pc=0x000000000250e52c method=java.util.HashMap.getNode(ILjava/lang/Object;)Ljava/util/HashMap$Node; @ 84
Event: 8.227 Thread 0x0000000016796800 Uncommon trap: reason=unreached action=reinterpret pc=0x00000000026a4bbc method=java.util.HashMap.putVal(ILjava/lang/Object;Ljava/lang/Object;ZZ)Ljava/lang/Object; @ 109
Event: 8.601 Thread 0x0000000016796000 Uncommon trap: reason=bimorphic action=maybe_recompile pc=0x00000000027fc244 method=com.android.dx.ssa.LiteralOpUpgrader.tryReplacingWithConstant(Lcom/android/dx/ssa/NormalSsaInsn;)Z @ 62
Event: 8.912 Thread 0x0000000016752800 Uncommon trap: reason=bimorphic action=maybe_recompile pc=0x00000000027fc244 method=com.android.dx.ssa.LiteralOpUpgrader.tryReplacingWithConstant(Lcom/android/dx/ssa/NormalSsaInsn;)Z @ 62
Event: 8.956 Thread 0x0000000016752800 Uncommon trap: reason=class_check action=maybe_recompile pc=0x0000000002a030c4 method=com.android.dx.cf.code.Ropper.processBlock(Lcom/android/dx/cf/code/ByteBlock;Lcom/android/dx/cf/code/Frame;[I)V @ 777
Event: 8.974 Thread 0x0000000016752800 Uncommon trap: reason=unreached action=reinterpret pc=0x00000000027d804c method=com.android.dx.ssa.MoveParamCombiner$1.visitNonMoveInsn(Lcom/android/dx/ssa/NormalSsaInsn;)V @ 27
Event: 9.001 Thread 0x0000000016796800 Uncommon trap: reason=class_check action=maybe_recompile pc=0x0000000002b7d24c method=com.android.dx.cf.code.RopperMachine.run(Lcom/android/dx/cf/code/Frame;II)V @ 1024
Event: 9.456 Thread 0x0000000016752800 Uncommon trap: reason=unreached action=reinterpret pc=0x00000000028db368 method=java.util.HashMap.resize()[Ljava/util/HashMap$Node; @ 206
Event: 10.051 Thread 0x0000000016752800 Uncommon trap: reason=class_check action=maybe_recompile pc=0x0000000002c01b50 method=com.android.dx.ssa.back.FirstFitLocalCombiningAllocator.findNextUnreservedRopReg(IILcom/android/dx/ssa/back/FirstFitLocalCombiningAllocator$Alignment;)I @ 60
Event: 10.052 Thread 0x0000000016752800 Uncommon trap: reason=class_check action=maybe_recompile pc=0x0000000002bf1c00 method=com.android.dx.ssa.back.FirstFitLocalCombiningAllocator.findNextUnreservedRopReg(IILcom/android/dx/ssa/back/FirstFitLocalCombiningAllocator$Alignment;)I @ 60

Internal exceptions (10 events):
Event: 2.098 Thread 0x0000000016751000 Exception <a 'java/security/PrivilegedActionException'> (0x00000000eabbb6c0) thrown at [D:\re\workspace\8-2-build-windows-amd64-cygwin\jdk8\2238\hotspot\src\share\vm\prims\jvm.cpp, line 1248]
Event: 2.117 Thread 0x00000000022bd800 Exception <a 'java/security/PrivilegedActionException'> (0x00000000eac39b80) thrown at [D:\re\workspace\8-2-build-windows-amd64-cygwin\jdk8\2238\hotspot\src\share\vm\prims\jvm.cpp, line 1248]
Event: 2.120 Thread 0x00000000022bd800 Exception <a 'java/security/PrivilegedActionException'> (0x00000000eac4ade8) thrown at [D:\re\workspace\8-2-build-windows-amd64-cygwin\jdk8\2238\hotspot\src\share\vm\prims\jvm.cpp, line 1248]
Event: 2.475 Thread 0x0000000016751000 Implicit null exception at 0x000000000263f9b7 to 0x0000000002641e59
Event: 4.205 Thread 0x0000000016752800 Exception <a 'java/security/PrivilegedActionException'> (0x00000000eb342590) thrown at [D:\re\workspace\8-2-build-windows-amd64-cygwin\jdk8\2238\hotspot\src\share\vm\prims\jvm.cpp, line 1248]
Event: 5.107 Thread 0x00000000022bd800 Exception <a 'java/security/PrivilegedActionException'> (0x00000000eb1038b8) thrown at [D:\re\workspace\8-2-build-windows-amd64-cygwin\jdk8\2238\hotspot\src\share\vm\prims\jvm.cpp, line 1248]
Event: 6.784 Thread 0x0000000016796800 Exception <a 'java/security/PrivilegedActionException'> (0x00000000ebed7958) thrown at [D:\re\workspace\8-2-build-windows-amd64-cygwin\jdk8\2238\hotspot\src\share\vm\prims\jvm.cpp, line 1248]
Event: 8.221 Thread 0x0000000016796800 Exception <a 'java/lang/ArrayIndexOutOfBoundsException': 18> (0x00000000ebe28828) thrown at [D:\re\workspace\8-2-build-windows-amd64-cygwin\jdk8\2238\hotspot\src\share\vm\interpreter\interpreterRuntime.cpp, line 337]
Event: 8.222 Thread 0x0000000016796800 Exception <a 'java/lang/ArrayIndexOutOfBoundsException'> (0x00000000ebe2a2c0) thrown at [D:\re\workspace\8-2-build-windows-amd64-cygwin\jdk8\2238\hotspot\src\share\vm\runtime\sharedRuntime.cpp, line 595]
Event: 8.224 Thread 0x0000000016796800 Exception <a 'java/lang/ArrayIndexOutOfBoundsException'> (0x00000000ebe2b4d8) thrown at [D:\re\workspace\8-2-build-windows-amd64-cygwin\jdk8\2238\hotspot\src\share\vm\runtime\sharedRuntime.cpp, line 595]

Events (10 events):
Event: 9.456 Thread 0x0000000016752800 DEOPT PACKING pc=0x00000000028db368 sp=0x00000000172ee360
Event: 9.456 Thread 0x0000000016752800 DEOPT UNPACKING pc=0x00000000023155af sp=0x00000000172ee2c8 mode 2
Event: 9.826 Executing VM operation: ParallelGCFailedAllocation
Event: 9.977 Executing VM operation: ParallelGCFailedAllocation done
Event: 10.051 Thread 0x0000000016752800 Uncommon trap: trap_request=0xffffffde fr.pc=0x0000000002c01b50
Event: 10.051 Thread 0x0000000016752800 DEOPT PACKING pc=0x0000000002c01b50 sp=0x00000000172ee9f0
Event: 10.052 Thread 0x0000000016752800 DEOPT UNPACKING pc=0x00000000023155af sp=0x00000000172ee8a0 mode 2
Event: 10.052 Thread 0x0000000016752800 Uncommon trap: trap_request=0xffffffde fr.pc=0x0000000002bf1c00
Event: 10.052 Thread 0x0000000016752800 DEOPT PACKING pc=0x0000000002bf1c00 sp=0x00000000172ee8f0
Event: 10.052 Thread 0x0000000016752800 DEOPT UNPACKING pc=0x00000000023155af sp=0x00000000172ee868 mode 2


Dynamic libraries:
0x00007ff6d11e0000 - 0x00007ff6d1214000 	C:\Program Files\Java\jdk1.8.0\bin\java.exe
0x00007ffcb8850000 - 0x00007ffcb8a1f000 	C:\WINDOWS\SYSTEM32\ntdll.dll
0x00007ffcb66c0000 - 0x00007ffcb676b000 	C:\WINDOWS\System32\KERNEL32.DLL
0x00007ffcb4e50000 - 0x00007ffcb506a000 	C:\WINDOWS\System32\KERNELBASE.dll
0x00007ffcb83d0000 - 0x00007ffcb8470000 	C:\WINDOWS\System32\ADVAPI32.dll
0x00007ffcb6620000 - 0x00007ffcb66be000 	C:\WINDOWS\System32\msvcrt.dll
0x00007ffcb5e50000 - 0x00007ffcb5ea8000 	C:\WINDOWS\System32\sechost.dll
0x00007ffcb5fb0000 - 0x00007ffcb60cd000 	C:\WINDOWS\System32\RPCRT4.dll
0x00007ffcb67f0000 - 0x00007ffcb6956000 	C:\WINDOWS\System32\USER32.dll
0x00007ffcb5ba0000 - 0x00007ffcb5bbe000 	C:\WINDOWS\System32\win32u.dll
0x00007ffcb67a0000 - 0x00007ffcb67d1000 	C:\WINDOWS\System32\GDI32.dll
0x00007ffcb5cc0000 - 0x00007ffcb5e46000 	C:\WINDOWS\System32\gdi32full.dll
0x00007ffca8040000 - 0x00007ffca82ac000 	C:\WINDOWS\WinSxS\amd64_microsoft.windows.common-controls_6595b64144ccf1df_6.0.14361.0_none_2d0d50d4bdb33e17\COMCTL32.dll
0x00007ffcb6370000 - 0x00007ffcb661b000 	C:\WINDOWS\System32\combase.dll
0x00007ffcb53c0000 - 0x00007ffcb54b4000 	C:\WINDOWS\System32\ucrtbase.dll
0x00007ffcb52a0000 - 0x00007ffcb5309000 	C:\WINDOWS\System32\bcryptPrimitives.dll
0x00007ffcb6770000 - 0x00007ffcb679e000 	C:\WINDOWS\System32\IMM32.DLL
0x00007ffca02f0000 - 0x00007ffca0397000 	C:\Program Files\McAfee\Gkp\HcApi.dll
0x0000000067630000 - 0x000000006763c000 	C:\Program Files\McAfee\Gkp\HcThe.dll
0x0000000064e90000 - 0x0000000064f62000 	C:\Program Files\Java\jdk1.8.0\jre\bin\msvcr100.dll
0x0000000064660000 - 0x0000000064e8a000 	C:\Program Files\Java\jdk1.8.0\jre\bin\server\jvm.dll
0x00007ffcb67e0000 - 0x00007ffcb67e7000 	C:\WINDOWS\System32\PSAPI.DLL
0x00007ffcb0540000 - 0x00007ffcb0549000 	C:\WINDOWS\SYSTEM32\WSOCK32.dll
0x00007ffcb8290000 - 0x00007ffcb82fc000 	C:\WINDOWS\System32\WS2_32.dll
0x00007ffcb33a0000 - 0x00007ffcb33c3000 	C:\WINDOWS\SYSTEM32\WINMM.dll
0x00007ffcb3320000 - 0x00007ffcb334c000 	C:\WINDOWS\SYSTEM32\WINMMBASE.dll
0x00007ffcb5c70000 - 0x00007ffcb5cb2000 	C:\WINDOWS\System32\cfgmgr32.dll
0x0000000064650000 - 0x000000006465f000 	C:\Program Files\Java\jdk1.8.0\jre\bin\verify.dll
0x0000000064620000 - 0x0000000064648000 	C:\Program Files\Java\jdk1.8.0\jre\bin\java.dll
0x0000000064600000 - 0x0000000064616000 	C:\Program Files\Java\jdk1.8.0\jre\bin\zip.dll
0x00007ffcb6d90000 - 0x00007ffcb826d000 	C:\WINDOWS\System32\SHELL32.dll
0x00007ffcb54c0000 - 0x00007ffcb5b92000 	C:\WINDOWS\System32\windows.storage.dll
0x00007ffcb4e00000 - 0x00007ffcb4e4c000 	C:\WINDOWS\System32\powrprof.dll
0x00007ffcb85e0000 - 0x00007ffcb8633000 	C:\WINDOWS\System32\shlwapi.dll
0x00007ffcb4df0000 - 0x00007ffcb4dff000 	C:\WINDOWS\System32\kernel.appcore.dll
0x00007ffcb5310000 - 0x00007ffcb53b7000 	C:\WINDOWS\System32\shcore.dll
0x00007ffcb4dd0000 - 0x00007ffcb4de4000 	C:\WINDOWS\System32\profapi.dll
0x00007ffca1f90000 - 0x00007ffca2122000 	C:\WINDOWS\SYSTEM32\dbghelp.dll

VM Arguments:
jvm_args: -Djava.awt.headless=true -Xmx1024M -Dfile.encoding=windows-1252 -Duser.country=BR -Duser.language=pt -Duser.variant 
java_command: com.android.dx.command.Main --dex --force-jumbo --num-threads=4 --multi-dex --output F:\BoaViagem\app\build\intermediates\transforms\dex\debug\folders\1000\10\com.android.support-appcompat-v7-23.3.0_82b31879600d3fc6c2c237572c308ae000db903f F:\BoaViagem\app\build\intermediates\exploded-aar\com.android.support\appcompat-v7\23.3.0\jars\classes.jar
java_class_path (initial): F:\Android\sdk\build-tools\23.0.2\lib\dx.jar
Launcher Type: SUN_STANDARD

Environment Variables:
JAVA_HOME=C:\Program Files\Java\jdk1.8.0_92
CLASSPATH=;C:\Program Files\Java\jdk1.8.0_92\lib;C:\Program Files\Java\jdk1.8.0_92\lib\tools.jar;C:\Program Files\Java\jdk1.8.0_92\lib\dt.jar;C:\Program Files\Java\jdk1.8.0_92\lib\htmlconverter.jar;C:\Program Files\Java\jdk1.8.0_92\jre\lib;C:\Program Files\Java\jdk1.8.0_92\jre\lib\rt.jar;
PATH=C:\ProgramData\Oracle\Java\javapath;C:\Program Files (x86)\NVIDIA Corporation\PhysX\Common;C:\WINDOWS\system32;C:\WINDOWS;C:\WINDOWS\System32\Wbem;C:\WINDOWS\System32\WindowsPowerShell\v1.0\;C:\Program Files (x86)\ATI Technologies\ATI.ACE\Core-Static;C:\Program Files (x86)\Microsoft ASP.NET\ASP.NET Web Pages\v1.0\;C:\Program Files\Microsoft SQL Server\110\Tools\Binn\;C:\Program Files (x86)\Common Files\Adobe\AGL;C:\Program Files\Java\jdk1.8.0_92\bin;C:\xampp\php;C:\Go\bin;C:\Program Files (x86)\Heroku\bin;C:\Program Files (x86)\git\cmd;C:\Program Files (x86)\Skype\Phone\;C:\Program Files (x86)\GtkSharp\2.12\bin;C:\Program Files\Git\cmd;C:\Program Files (x86)\Notepad++;C:\Program Files\Microsoft SQL Server\130\Tools\Binn\;C:\Program Files (x86)\Windows Kits\8.1\Windows Performance Toolkit\;C:\Program Files\Microsoft\Web Platform Installer\;C:\Python34;C:\MAMP\bin;C:\MAMP\bin\php\php5.6.8;C:\ProgramData\ComposerSetup\bin;C:\Program Files\nodejs\;C:\Program Files\dotnet\;C:\Program Files (x86)\Google\Cloud SDK\google-cloud-sdk\bin;C:\Users\Emanuelle Menali\.dnx\bin;C:\Users\Emanuelle Menali\AppData\Roaming\Composer\vendor\bin;C:\Users\Emanuelle Menali\AppData\Local\Microsoft\WindowsApps;C:\Users\Emanuelle Menali\AppData\Roaming\npm
USERNAME=Emanuelle Menali
OS=Windows_NT
PROCESSOR_IDENTIFIER=Intel64 Family 6 Model 69 Stepping 1, GenuineIntel



---------------  S Y S T E M  ---------------

OS: Windows 8.1 , 64 bit Build 9600 

CPU:total 4 (2 cores per cpu, 2 threads per core) family 6 model 69 stepping 1, cmov, cx8, fxsr, mmx, sse, sse2, sse3, ssse3, sse4.1, sse4.2, popcnt, avx, avx2, aes, clmul, erms, ht, tsc, tscinvbit

Memory: 4k page, physical 8266712k(1716964k free), swap 8266712k(6840k free)

vm_info: Java HotSpot(TM) 64-Bit Server VM (25.0-b70) for windows-amd64 JRE (1.8.0-b132), built on Mar  4 2014 03:46:18 by "java_re" with MS VC++ 10.0 (VS2010)

time: Wed Jul 06 19:52:43 2016
elapsed time: 10 seconds

